app/build/outputs/logs/manifest-merger-debug-report.txt
-- Merging decision tree log ---
manifest
ADDED from src/main/AndroidManifest.xml:2:1-134:12
	package
		ADDED from src/main/AndroidManifest.xml:3:5-41
		INJECTED from src/main/AndroidManifest.xml
		INJECTED from src/main/AndroidManifest.xml
	android:versionName
		ADDED from src/main/AndroidManifest.xml:5:5-31
		INJECTED from src/main/AndroidManifest.xml
		INJECTED from src/main/AndroidManifest.xml
	android:versionCode
		ADDED from src/main/AndroidManifest.xml:4:5-29
		INJECTED from src/main/AndroidManifest.xml
		INJECTED from src/main/AndroidManifest.xml
	xmlns:android
		ADDED from src/main/AndroidManifest.xml:2:11-69
	android:installLocation
		ADDED from src/main/AndroidManifest.xml:6:5-35
supports-screens
ADDED from src/main/AndroidManifest.xml:9:5-164
	android:largeScreens
		ADDED from src/main/AndroidManifest.xml:9:52-79
	android:smallScreens
		ADDED from src/main/AndroidManifest.xml:9:109-136
	android:normalScreens
		ADDED from src/main/AndroidManifest.xml:9:80-108
	android:xlargeScreens
		ADDED from src/main/AndroidManifest.xml:9:23-51
	android:anyDensity
		ADDED from src/main/AndroidManifest.xml:9:137-162
uses-permission#android.permission.WRITE_EXTERNAL_STORAGE
ADDED from src/main/AndroidManifest.xml:11:5-80
	android:name
		ADDED from src/main/AndroidManifest.xml:11:22-78
uses-permission#android.permission.CAMERA
ADDED from src/main/AndroidManifest.xml:12:5-65
	android:name
		ADDED from src/main/AndroidManifest.xml:12:22-62
uses-permission#android.permission.RECORD_AUDIO
ADDED from src/main/AndroidManifest.xml:13:5-71
	android:name
		ADDED from src/main/AndroidManifest.xml:13:22-68
uses-permission#android.permission.ACCESS_FINE_LOCATION
ADDED from src/main/AndroidManifest.xml:14:5-79
	android:name
		ADDED from src/main/AndroidManifest.xml:14:22-76
uses-feature#android.hardware.camera
ADDED from src/main/AndroidManifest.xml:16:5-60
	android:name
		ADDED from src/main/AndroidManifest.xml:16:19-57
uses-feature#android.hardware.microphone
ADDED from src/main/AndroidManifest.xml:17:5-64
	android:name
		ADDED from src/main/AndroidManifest.xml:17:19-61
application
ADDED from src/main/AndroidManifest.xml:19:5-133:19
MERGED from [com.android.support:support-v4:24.0.0] AndroidManifest.xml:25:5-20
	android:label
		ADDED from src/main/AndroidManifest.xml:22:9-41
	android:allowBackup
		ADDED from src/main/AndroidManifest.xml:20:9-35
	android:icon
		ADDED from src/main/AndroidManifest.xml:21:9-43
	android:largeHeap
		ADDED from src/main/AndroidManifest.xml:24:9-33
	android:theme
		ADDED from src/main/AndroidManifest.xml:23:9-40
activity#net.sourceforge.opencamera.MainActivity
ADDED from src/main/AndroidManifest.xml:27:9-64:20
	android:clearTaskOnLaunch
		ADDED from src/main/AndroidManifest.xml:32:4-36
	android:screenOrientation
		ADDED from src/main/AndroidManifest.xml:30:13-50
	android:label
		ADDED from src/main/AndroidManifest.xml:29:13-45
	android:configChanges
		ADDED from src/main/AndroidManifest.xml:31:4-65
	android:name
		ADDED from src/main/AndroidManifest.xml:28:13-67
intent-filter#android.intent.action.MAIN+android.intent.category.DEFAULT+android.intent.category.LAUNCHER
ADDED from src/main/AndroidManifest.xml:35:13-39:29
action#android.intent.action.MAIN
ADDED from src/main/AndroidManifest.xml:36:17-69
	android:name
		ADDED from src/main/AndroidManifest.xml:36:25-66
category#android.intent.category.LAUNCHER
ADDED from src/main/AndroidManifest.xml:37:17-77
	android:name
		ADDED from src/main/AndroidManifest.xml:37:27-74
category#android.intent.category.DEFAULT
ADDED from src/main/AndroidManifest.xml:38:17-75
	android:name
		ADDED from src/main/AndroidManifest.xml:38:27-73
intent-filter#android.intent.category.DEFAULT+android.media.action.IMAGE_CAPTURE
ADDED from src/main/AndroidManifest.xml:40:13-43:29
action#android.media.action.IMAGE_CAPTURE
ADDED from src/main/AndroidManifest.xml:41:17-77
	android:name
		ADDED from src/main/AndroidManifest.xml:41:25-74
intent-filter#android.intent.category.DEFAULT+android.media.action.IMAGE_CAPTURE_SECURE
ADDED from src/main/AndroidManifest.xml:44:13-47:29
action#android.media.action.IMAGE_CAPTURE_SECURE
ADDED from src/main/AndroidManifest.xml:45:17-84
	android:name
		ADDED from src/main/AndroidManifest.xml:45:25-81
intent-filter#android.intent.category.DEFAULT+android.media.action.STILL_IMAGE_CAMERA
ADDED from src/main/AndroidManifest.xml:48:13-51:29
action#android.media.action.STILL_IMAGE_CAMERA
ADDED from src/main/AndroidManifest.xml:49:17-82
	android:name
		ADDED from src/main/AndroidManifest.xml:49:25-79
intent-filter#android.intent.category.DEFAULT+android.media.action.STILL_IMAGE_CAMERA_SECURE
ADDED from src/main/AndroidManifest.xml:52:13-55:29
action#android.media.action.STILL_IMAGE_CAMERA_SECURE
ADDED from src/main/AndroidManifest.xml:53:17-89
	android:name
		ADDED from src/main/AndroidManifest.xml:53:25-86
intent-filter#android.intent.category.DEFAULT+android.media.action.VIDEO_CAMERA
ADDED from src/main/AndroidManifest.xml:56:13-59:29
action#android.media.action.VIDEO_CAMERA
ADDED from src/main/AndroidManifest.xml:57:17-76
	android:name
		ADDED from src/main/AndroidManifest.xml:57:25-73
intent-filter#android.intent.category.DEFAULT+android.media.action.VIDEO_CAPTURE
ADDED from src/main/AndroidManifest.xml:60:4-63:20
action#android.media.action.VIDEO_CAPTURE
ADDED from src/main/AndroidManifest.xml:61:5-64
	android:name
		ADDED from src/main/AndroidManifest.xml:61:13-62
activity#net.sourceforge.opencamera.TakePhoto
ADDED from src/main/AndroidManifest.xml:66:9-75:20
	android:screenOrientation
		ADDED from src/main/AndroidManifest.xml:70:13-50
	android:label
		ADDED from src/main/AndroidManifest.xml:68:13-47
	android:excludeFromRecents
		ADDED from src/main/AndroidManifest.xml:73:4-37
	android:configChanges
		ADDED from src/main/AndroidManifest.xml:71:4-65
	android:icon
		ADDED from src/main/AndroidManifest.xml:69:10-57
	android:taskAffinity
		ADDED from src/main/AndroidManifest.xml:72:4-27
	android:name
		ADDED from src/main/AndroidManifest.xml:67:13-37
receiver#net.sourceforge.opencamera.MyWidgetProvider
ADDED from src/main/AndroidManifest.xml:77:9-90:14
	android:label
		ADDED from src/main/AndroidManifest.xml:79:7-39
	android:icon
		ADDED from src/main/AndroidManifest.xml:78:7-41
	android:name
		ADDED from src/main/AndroidManifest.xml:80:7-38
intent-filter#android.appwidget.action.APPWIDGET_UPDATE
ADDED from src/main/AndroidManifest.xml:81:7-83:23
action#android.appwidget.action.APPWIDGET_UPDATE
ADDED from src/main/AndroidManifest.xml:82:12-79
	android:name
		ADDED from src/main/AndroidManifest.xml:82:20-76
meta-data#android.appwidget.provider
ADDED from src/main/AndroidManifest.xml:87:7-89:48
	android:resource
		ADDED from src/main/AndroidManifest.xml:89:10-45
	android:name
		ADDED from src/main/AndroidManifest.xml:88:10-51
receiver#net.sourceforge.opencamera.MyWidgetProviderTakePhoto
ADDED from src/main/AndroidManifest.xml:92:9-102:14
	android:label
		ADDED from src/main/AndroidManifest.xml:94:13-47
	android:icon
		ADDED from src/main/AndroidManifest.xml:93:7-54
	android:name
		ADDED from src/main/AndroidManifest.xml:95:7-47
service#net.sourceforge.opencamera.MyTileService
ADDED from src/main/AndroidManifest.xml:104:9-112:19
	android:label
		ADDED from src/main/AndroidManifest.xml:107:13-43
	android:permission
		ADDED from src/main/AndroidManifest.xml:108:13-77
	android:icon
		ADDED from src/main/AndroidManifest.xml:106:13-64
	android:name
		ADDED from src/main/AndroidManifest.xml:105:13-68
intent-filter#android.service.quicksettings.action.QS_TILE
ADDED from src/main/AndroidManifest.xml:109:13-111:29
action#android.service.quicksettings.action.QS_TILE
ADDED from src/main/AndroidManifest.xml:110:17-87
	android:name
		ADDED from src/main/AndroidManifest.xml:110:25-84
service#net.sourceforge.opencamera.MyTileServiceVideo
ADDED from src/main/AndroidManifest.xml:114:9-122:19
	android:label
		ADDED from src/main/AndroidManifest.xml:117:13-49
	android:permission
		ADDED from src/main/AndroidManifest.xml:118:13-77
	android:icon
		ADDED from src/main/AndroidManifest.xml:116:13-60
	android:name
		ADDED from src/main/AndroidManifest.xml:115:13-73
service#net.sourceforge.opencamera.MyTileServiceFrontCamera
ADDED from src/main/AndroidManifest.xml:124:9-132:19
	android:label
		ADDED from src/main/AndroidManifest.xml:127:13-43
	android:permission
		ADDED from src/main/AndroidManifest.xml:128:13-77
	android:icon
		ADDED from src/main/AndroidManifest.xml:126:13-56
	android:name
		ADDED from src/main/AndroidManifest.xml:125:13-79
uses-sdk
INJECTED from src/main/AndroidManifest.xml reason: use-sdk injection requested
MERGED from [com.android.support:support-v4:24.0.0] AndroidManifest.xml:21:5-23:54
	tools:overrideLibrary
		ADDED from [com.android.support:support-v4:24.0.0] AndroidManifest.xml:23:9-51
	android:targetSdkVersion
		INJECTED from src/main/AndroidManifest.xml
		INJECTED from src/main/AndroidManifest.xml
	android:minSdkVersion
		INJECTED from src/main/AndroidManifest.xml
		INJECTED from src/main/AndroidManifest.xml